#
# There is insufficient memory for the Java Runtime Environment to continue.
# Native memory allocation (malloc) failed to allocate 1146816 bytes. Error detail: Chunk::new
# Possible reasons:
#   The system is out of physical RAM or swap space
#   This process is running with CompressedOops enabled, and the Java Heap may be blocking the growth of the native heap
# Possible solutions:
#   Reduce memory load on the system
#   Increase physical memory or swap space
#   Check if swap backing store is full
#   Decrease Java heap size (-Xmx/-Xms)
#   Decrease number of Java threads
#   Decrease Java thread stack sizes (-Xss)
#   Set larger code cache with -XX:ReservedCodeCacheSize=
#   JVM is running with Unscaled Compressed Oops mode in which the Java heap is
#     placed in the first 4GB address space. The Java Heap base address is the
#     maximum limit for the native heap growth. Please use -XX:HeapBaseMinAddress
#     to set the Java Heap base and to place the Java Heap above 4GB virtual address.
# This output file may be truncated or incomplete.
#
#  Out of Memory Error (arena.cpp:191), pid=11752, tid=2476
#
# JRE version: OpenJDK Runtime Environment Temurin-17.0.12+7 (17.0.12+7) (build 17.0.12+7)
# Java VM: OpenJDK 64-Bit Server VM Temurin-17.0.12+7 (17.0.12+7, mixed mode, tiered, compressed oops, compressed class ptrs, parallel gc, windows-amd64)
# No core dump will be written. Minidumps are not enabled by default on client versions of Windows
#

---------------  S U M M A R Y ------------

Command Line: --add-modules=ALL-SYSTEM --add-opens=java.base/java.util=ALL-UNNAMED --add-opens=java.base/java.lang=ALL-UNNAMED --add-opens=java.base/sun.nio.fs=ALL-UNNAMED -Declipse.application=org.eclipse.jdt.ls.core.id1 -Dosgi.bundles.defaultStartLevel=4 -Declipse.product=org.eclipse.jdt.ls.core.product -Djava.import.generatesMetadataFilesAtProjectRoot=false -DDetectVMInstallationsJob.disabled=true -Dfile.encoding=utf8 -XX:+UseParallelGC -XX:GCTimeRatio=4 -XX:AdaptiveSizePolicyWeight=90 -Dsun.zip.disableMemoryMapping=true -Xmx1G -Xms100m -Xlog:disable -javaagent:c:\Users\Bao\.vscode\extensions\redhat.java-1.34.0-win32-x64\lombok\lombok-1.18.33.jar -XX:+HeapDumpOnOutOfMemoryError -XX:HeapDumpPath=c:\Users\Bao\AppData\Roaming\Code\User\workspaceStorage\ca64d298b97909dab3546e2a0f6908f3\redhat.java -Daether.dependencyCollector.impl=bf c:\Users\Bao\.vscode\extensions\redhat.java-1.34.0-win32-x64\server\plugins\org.eclipse.equinox.launcher_1.6.900.v20240613-2009.jar -configuration c:\Users\Bao\AppData\Roaming\Code\User\globalStorage\redhat.java\1.34.0\config_win -data c:\Users\Bao\AppData\Roaming\Code\User\workspaceStorage\ca64d298b97909dab3546e2a0f6908f3\redhat.java\jdt_ws --pipe=\\.\pipe\lsp-5bf1661f8d4e7244d605063604fc16a8-sock

Host: AMD Ryzen 7 5700U with Radeon Graphics         , 16 cores, 5G,  Windows 10 , 64 bit Build 19041 (10.0.19041.4842)
Time: Thu Sep 19 10:07:49 2024 SE Asia Standard Time elapsed time: 25.078308 seconds (0d 0h 0m 25s)

---------------  T H R E A D  ---------------

Current thread (0x00000224b7065ce0):  JavaThread "C2 CompilerThread1" daemon [_thread_in_native, id=2476, stack(0x00000056a3400000,0x00000056a3500000)]


Current CompileTask:
C2:  25078 15555       4       org.eclipse.jdt.internal.compiler.lookup.ModuleBinding::getVisiblePackage (472 bytes)

Stack: [0x00000056a3400000,0x00000056a3500000]
Native frames: (J=compiled Java code, j=interpreted, Vv=VM code, C=native code)
V  [jvm.dll+0x67f929]
V  [jvm.dll+0x8371ba]
V  [jvm.dll+0x838c7e]
V  [jvm.dll+0x8392e3]
V  [jvm.dll+0x24834f]
V  [jvm.dll+0xac9d4]
V  [jvm.dll+0xad01c]
V  [jvm.dll+0x2af96f]
V  [jvm.dll+0x5868d7]
V  [jvm.dll+0x2231c2]
V  [jvm.dll+0x2235bf]
V  [jvm.dll+0x21c6e0]
V  [jvm.dll+0x219be1]
V  [jvm.dll+0x1a58bd]
V  [jvm.dll+0x229a2d]
V  [jvm.dll+0x227bdc]
V  [jvm.dll+0x7ec1f7]
V  [jvm.dll+0x7e65dc]
V  [jvm.dll+0x67e7f7]
C  [ucrtbase.dll+0x21bb2]
C  [KERNEL32.DLL+0x17374]
C  [ntdll.dll+0x4cc91]


---------------  P R O C E S S  ---------------

Threads class SMR info:
_java_thread_list=0x00000224b7527fa0, length=83, elements={
0x0000022499c9e1c0, 0x00000224adb317e0, 0x00000224adb32530, 0x00000224b2ed5270,
0x00000224b2ed5c40, 0x00000224b2ed74c0, 0x00000224b2ed86a0, 0x00000224b2edbce0,
0x00000224b2ee0340, 0x00000224b2eeb840, 0x00000224b2fff920, 0x00000224b30041f0,
0x00000224b4dac430, 0x00000224b4dad960, 0x00000224b2ffe4e0, 0x00000224b2ffef00,
0x00000224b2ffdfd0, 0x00000224b2fff410, 0x00000224b5ede090, 0x00000224b5ed99b0,
0x00000224b5ed8570, 0x00000224b5ed8a80, 0x00000224b5ed6c20, 0x00000224b5edadf0,
0x00000224b5ed8f90, 0x00000224b5ed7130, 0x00000224b5edb300, 0x00000224b5ed7640,
0x00000224b5eda8e0, 0x00000224b5ed9ec0, 0x00000224b5edc740, 0x00000224b5eda3d0,
0x00000224b5edb810, 0x00000224b5edbd20, 0x00000224b5edcc50, 0x00000224b5edd160,
0x00000224b5edd670, 0x00000224b5ede5a0, 0x00000224b5ed7b50, 0x00000224b5ed8060,
0x00000224b7028b00, 0x00000224b70271b0, 0x00000224b7025350, 0x00000224b7025d70,
0x00000224b7026ca0, 0x00000224b7024930, 0x00000224b7023f10, 0x00000224b7026280,
0x00000224b73f0bf0, 0x00000224b73f1b20, 0x00000224b73ed440, 0x00000224b73ef7b0,
0x00000224b73f01d0, 0x00000224b73ed950, 0x00000224b73ee370, 0x00000224b73efcc0,
0x00000224b73ee880, 0x00000224b73f1100, 0x00000224b73eed90, 0x00000224b73ea6b0,
0x00000224b73ef2a0, 0x00000224b73f06e0, 0x00000224b73f1610, 0x00000224b73eb5e0,
0x00000224b73f2030, 0x00000224b73eabc0, 0x00000224b73eb0d0, 0x00000224b73ebaf0,
0x00000224b73ec000, 0x00000224b88c0300, 0x00000224b88bc130, 0x00000224b88beec0,
0x00000224b88bd570, 0x00000224b88bda80, 0x00000224b88bdf90, 0x00000224b88ba7e0,
0x00000224b88bb710, 0x00000224b88bcb50, 0x00000224b88bd060, 0x00000224b7065ce0,
0x00000224b7066780, 0x00000224b7066cd0, 0x00000224b88bacf0
}

Java Threads: ( => current thread )
  0x0000022499c9e1c0 JavaThread "main" [_thread_blocked, id=3580, stack(0x000000569f200000,0x000000569f300000)]
  0x00000224adb317e0 JavaThread "Reference Handler" daemon [_thread_blocked, id=13968, stack(0x000000569f500000,0x000000569f600000)]
  0x00000224adb32530 JavaThread "Finalizer" daemon [_thread_blocked, id=18120, stack(0x000000569f600000,0x000000569f700000)]
  0x00000224b2ed5270 JavaThread "Signal Dispatcher" daemon [_thread_blocked, id=2788, stack(0x000000569f700000,0x000000569f800000)]
  0x00000224b2ed5c40 JavaThread "Attach Listener" daemon [_thread_blocked, id=4312, stack(0x000000569f800000,0x000000569f900000)]
  0x00000224b2ed74c0 JavaThread "Service Thread" daemon [_thread_blocked, id=13924, stack(0x000000569f900000,0x000000569fa00000)]
  0x00000224b2ed86a0 JavaThread "Monitor Deflation Thread" daemon [_thread_blocked, id=12828, stack(0x000000569fa00000,0x000000569fb00000)]
  0x00000224b2edbce0 JavaThread "C2 CompilerThread0" daemon [_thread_in_native, id=3864, stack(0x000000569fb00000,0x000000569fc00000)]
  0x00000224b2ee0340 JavaThread "C1 CompilerThread0" daemon [_thread_blocked, id=17984, stack(0x000000569fc00000,0x000000569fd00000)]
  0x00000224b2eeb840 JavaThread "Sweeper thread" daemon [_thread_in_vm, id=15800, stack(0x000000569fd00000,0x000000569fe00000)]
  0x00000224b2fff920 JavaThread "Common-Cleaner" daemon [_thread_blocked, id=1988, stack(0x000000569fe00000,0x000000569ff00000)]
  0x00000224b30041f0 JavaThread "C1 CompilerThread1" daemon [_thread_blocked, id=11144, stack(0x000000569ff00000,0x00000056a0000000)]
  0x00000224b4dac430 JavaThread "C1 CompilerThread2" daemon [_thread_blocked, id=12504, stack(0x00000056a0100000,0x00000056a0200000)]
  0x00000224b4dad960 JavaThread "C1 CompilerThread3" daemon [_thread_blocked, id=4376, stack(0x00000056a0200000,0x00000056a0300000)]
  0x00000224b2ffe4e0 JavaThread "Notification Thread" daemon [_thread_blocked, id=14572, stack(0x00000056a0300000,0x00000056a0400000)]
  0x00000224b2ffef00 JavaThread "Active Thread: Equinox Container: ac4162e1-436a-4f2b-800b-4fabc7da097e" [_thread_blocked, id=7632, stack(0x00000056a0a00000,0x00000056a0b00000)]
  0x00000224b2ffdfd0 JavaThread "Framework Event Dispatcher: Equinox Container: ac4162e1-436a-4f2b-800b-4fabc7da097e" daemon [_thread_blocked, id=13332, stack(0x00000056a0b00000,0x00000056a0c00000)]
  0x00000224b2fff410 JavaThread "Start Level: Equinox Container: ac4162e1-436a-4f2b-800b-4fabc7da097e" daemon [_thread_blocked, id=12728, stack(0x00000056a0d00000,0x00000056a0e00000)]
  0x00000224b5ede090 JavaThread "Bundle File Closer" daemon [_thread_blocked, id=14904, stack(0x00000056a0e00000,0x00000056a0f00000)]
  0x00000224b5ed99b0 JavaThread "SCR Component Actor" daemon [_thread_blocked, id=4064, stack(0x00000056a1100000,0x00000056a1200000)]
  0x00000224b5ed8570 JavaThread "Worker-JM" [_thread_blocked, id=17724, stack(0x00000056a0000000,0x00000056a0100000)]
  0x00000224b5ed8a80 JavaThread "JNA Cleaner" daemon [_thread_blocked, id=10888, stack(0x00000056a1600000,0x00000056a1700000)]
  0x00000224b5ed6c20 JavaThread "Worker-0" [_thread_blocked, id=6216, stack(0x00000056a1700000,0x00000056a1800000)]
  0x00000224b5edadf0 JavaThread "Worker-1" [_thread_blocked, id=8536, stack(0x00000056a1800000,0x00000056a1900000)]
  0x00000224b5ed8f90 JavaThread "Worker-2" [_thread_blocked, id=10568, stack(0x00000056a1900000,0x00000056a1a00000)]
  0x00000224b5ed7130 JavaThread "Java indexing" daemon [_thread_blocked, id=1956, stack(0x00000056a1b00000,0x00000056a1c00000)]
  0x00000224b5edb300 JavaThread "Thread-2" daemon [_thread_in_native, id=10948, stack(0x00000056a1e00000,0x00000056a1f00000)]
  0x00000224b5ed7640 JavaThread "Thread-3" daemon [_thread_in_native, id=17024, stack(0x00000056a1f00000,0x00000056a2000000)]
  0x00000224b5eda8e0 JavaThread "Thread-4" daemon [_thread_in_native, id=17616, stack(0x00000056a2000000,0x00000056a2100000)]
  0x00000224b5ed9ec0 JavaThread "Thread-5" daemon [_thread_in_native, id=18088, stack(0x00000056a2100000,0x00000056a2200000)]
  0x00000224b5edc740 JavaThread "Thread-6" daemon [_thread_in_native, id=2624, stack(0x00000056a2200000,0x00000056a2300000)]
  0x00000224b5eda3d0 JavaThread "Thread-7" daemon [_thread_in_native, id=7284, stack(0x00000056a2300000,0x00000056a2400000)]
  0x00000224b5edb810 JavaThread "Thread-8" daemon [_thread_in_native, id=3628, stack(0x00000056a2400000,0x00000056a2500000)]
  0x00000224b5edbd20 JavaThread "Thread-9" daemon [_thread_in_native, id=17092, stack(0x00000056a2500000,0x00000056a2600000)]
  0x00000224b5edcc50 JavaThread "Thread-10" daemon [_thread_in_native, id=15696, stack(0x00000056a2600000,0x00000056a2700000)]
  0x00000224b5edd160 JavaThread "Thread-11" daemon [_thread_in_native, id=6548, stack(0x00000056a2700000,0x00000056a2800000)]
  0x00000224b5edd670 JavaThread "Thread-12" daemon [_thread_in_native, id=13508, stack(0x00000056a2800000,0x00000056a2900000)]
  0x00000224b5ede5a0 JavaThread "Thread-13" daemon [_thread_in_native, id=11664, stack(0x00000056a2900000,0x00000056a2a00000)]
  0x00000224b5ed7b50 JavaThread "Thread-14" daemon [_thread_in_native, id=812, stack(0x00000056a2a00000,0x00000056a2b00000)]
  0x00000224b5ed8060 JavaThread "Thread-15" daemon [_thread_in_native, id=13928, stack(0x00000056a2b00000,0x00000056a2c00000)]
  0x00000224b7028b00 JavaThread "Thread-16" daemon [_thread_in_native, id=11072, stack(0x00000056a2c00000,0x00000056a2d00000)]
  0x00000224b70271b0 JavaThread "Thread-17" daemon [_thread_in_native, id=10668, stack(0x00000056a2d00000,0x00000056a2e00000)]
  0x00000224b7025350 JavaThread "Thread-18" daemon [_thread_in_native, id=2728, stack(0x00000056a2e00000,0x00000056a2f00000)]
  0x00000224b7025d70 JavaThread "pool-2-thread-1" [_thread_blocked, id=18128, stack(0x00000056a2f00000,0x00000056a3000000)]
  0x00000224b7026ca0 JavaThread "WorkspaceEventsHandler" [_thread_blocked, id=15692, stack(0x00000056a3000000,0x00000056a3100000)]
  0x00000224b7024930 JavaThread "pool-1-thread-1" [_thread_blocked, id=11032, stack(0x00000056a3100000,0x00000056a3200000)]
  0x00000224b7023f10 JavaThread "Worker-3: Initialize workspace" [_thread_blocked, id=10104, stack(0x00000056a3200000,0x00000056a3300000)]
  0x00000224b7026280 JavaThread "Refresh Thread: Equinox Container: ac4162e1-436a-4f2b-800b-4fabc7da097e" daemon [_thread_blocked, id=8304, stack(0x00000056a3300000,0x00000056a3400000)]
  0x00000224b73f0bf0 JavaThread "Worker-4: Building" [_thread_blocked, id=17668, stack(0x00000056a4400000,0x00000056a4500000)]
  0x00000224b73f1b20 JavaThread "Compiler Source File Reader" daemon [_thread_blocked, id=14864, stack(0x00000056a1200000,0x00000056a1300000)]
  0x00000224b73ed440 JavaThread "Compiler Source File Reader" daemon [_thread_blocked, id=3952, stack(0x00000056a4500000,0x00000056a4600000)]
  0x00000224b73ef7b0 JavaThread "Compiler Source File Reader" daemon [_thread_blocked, id=16288, stack(0x00000056a4600000,0x00000056a4700000)]
  0x00000224b73f01d0 JavaThread "Compiler Source File Reader" daemon [_thread_blocked, id=17700, stack(0x00000056a4700000,0x00000056a4800000)]
  0x00000224b73ed950 JavaThread "Compiler Source File Reader" daemon [_thread_blocked, id=308, stack(0x00000056a4800000,0x00000056a4900000)]
  0x00000224b73ee370 JavaThread "Compiler Source File Reader" daemon [_thread_blocked, id=3132, stack(0x00000056a4900000,0x00000056a4a00000)]
  0x00000224b73efcc0 JavaThread "Compiler Source File Reader" daemon [_thread_blocked, id=18200, stack(0x00000056a4a00000,0x00000056a4b00000)]
  0x00000224b73ee880 JavaThread "Compiler Source File Reader" daemon [_thread_blocked, id=11172, stack(0x00000056a4b00000,0x00000056a4c00000)]
  0x00000224b73f1100 JavaThread "Compiler Source File Reader" daemon [_thread_blocked, id=17868, stack(0x00000056a4c00000,0x00000056a4d00000)]
  0x00000224b73eed90 JavaThread "Compiler Source File Reader" daemon [_thread_blocked, id=13400, stack(0x00000056a4d00000,0x00000056a4e00000)]
  0x00000224b73ea6b0 JavaThread "Compiler Source File Reader" daemon [_thread_blocked, id=16304, stack(0x00000056a4e00000,0x00000056a4f00000)]
  0x00000224b73ef2a0 JavaThread "Compiler Source File Reader" daemon [_thread_blocked, id=3820, stack(0x00000056a4f00000,0x00000056a5000000)]
  0x00000224b73f06e0 JavaThread "Compiler Source File Reader" daemon [_thread_blocked, id=15432, stack(0x00000056a5000000,0x00000056a5100000)]
  0x00000224b73f1610 JavaThread "Compiler Source File Reader" daemon [_thread_blocked, id=16940, stack(0x00000056a5100000,0x00000056a5200000)]
  0x00000224b73eb5e0 JavaThread "ForkJoinPool.commonPool-worker-1" daemon [_thread_blocked, id=12024, stack(0x00000056a5200000,0x00000056a5300000)]
  0x00000224b73f2030 JavaThread "ForkJoinPool.commonPool-worker-2" daemon [_thread_blocked, id=12884, stack(0x00000056a5300000,0x00000056a5400000)]
  0x00000224b73eabc0 JavaThread "ForkJoinPool.commonPool-worker-3" daemon [_thread_blocked, id=6552, stack(0x00000056a5400000,0x00000056a5500000)]
  0x00000224b73eb0d0 JavaThread "ForkJoinPool.commonPool-worker-4" daemon [_thread_blocked, id=9672, stack(0x00000056a5500000,0x00000056a5600000)]
  0x00000224b73ebaf0 JavaThread "ForkJoinPool.commonPool-worker-5" daemon [_thread_blocked, id=15804, stack(0x00000056a5600000,0x00000056a5700000)]
  0x00000224b73ec000 JavaThread "ForkJoinPool.commonPool-worker-6" daemon [_thread_blocked, id=11020, stack(0x00000056a5700000,0x00000056a5800000)]
  0x00000224b88c0300 JavaThread "Worker-5" [_thread_blocked, id=16980, stack(0x00000056a5800000,0x00000056a5900000)]
  0x00000224b88bc130 JavaThread "ForkJoinPool.commonPool-worker-7" daemon [_thread_blocked, id=16800, stack(0x00000056a5900000,0x00000056a5a00000)]
  0x00000224b88beec0 JavaThread "ForkJoinPool.commonPool-worker-8" daemon [_thread_blocked, id=9612, stack(0x00000056a5b00000,0x00000056a5c00000)]
  0x00000224b88bd570 JavaThread "ForkJoinPool.commonPool-worker-9" daemon [_thread_blocked, id=4100, stack(0x00000056a5c00000,0x00000056a5d00000)]
  0x00000224b88bda80 JavaThread "ForkJoinPool.commonPool-worker-10" daemon [_thread_blocked, id=10324, stack(0x00000056a5d00000,0x00000056a5e00000)]
  0x00000224b88bdf90 JavaThread "ForkJoinPool.commonPool-worker-11" daemon [_thread_blocked, id=9788, stack(0x00000056a5f00000,0x00000056a6000000)]
  0x00000224b88ba7e0 JavaThread "ForkJoinPool.commonPool-worker-12" daemon [_thread_blocked, id=17036, stack(0x00000056a5e00000,0x00000056a5f00000)]
  0x00000224b88bb710 JavaThread "ForkJoinPool.commonPool-worker-13" daemon [_thread_blocked, id=14684, stack(0x00000056a6000000,0x00000056a6100000)]
  0x00000224b88bcb50 JavaThread "ForkJoinPool.commonPool-worker-14" daemon [_thread_blocked, id=16164, stack(0x00000056a6100000,0x00000056a6200000)]
  0x00000224b88bd060 JavaThread "ForkJoinPool.commonPool-worker-15" daemon [_thread_blocked, id=10096, stack(0x00000056a6200000,0x00000056a6300000)]
=>0x00000224b7065ce0 JavaThread "C2 CompilerThread1" daemon [_thread_in_native, id=2476, stack(0x00000056a3400000,0x00000056a3500000)]
  0x00000224b7066780 JavaThread "C2 CompilerThread2" daemon [_thread_in_native, id=14076, stack(0x00000056a3500000,0x00000056a3600000)]
  0x00000224b7066cd0 JavaThread "C2 CompilerThread3" daemon [_thread_in_native, id=13200, stack(0x00000056a3600000,0x00000056a3700000)]
  0x00000224b88bacf0 JavaThread "Compiler Processing Task" daemon [_thread_in_Java, id=14716, stack(0x00000056a3700000,0x00000056a3800000)]

Other Threads:
  0x0000022499d26510 VMThread "VM Thread" [stack: 0x000000569f400000,0x000000569f500000] [id=4640]
  0x00000224b4ecb2c0 WatcherThread [stack: 0x00000056a0400000,0x00000056a0500000] [id=12564]
  0x0000022499cb23d0 GCTaskThread "GC Thread#0" [stack: 0x000000569f300000,0x000000569f400000] [id=17480]
  0x00000224b5204d60 GCTaskThread "GC Thread#1" [stack: 0x00000056a0500000,0x00000056a0600000] [id=18168]
  0x00000224b5125140 GCTaskThread "GC Thread#2" [stack: 0x00000056a0600000,0x00000056a0700000] [id=9356]
  0x00000224b5120030 GCTaskThread "GC Thread#3" [stack: 0x00000056a0700000,0x00000056a0800000] [id=11464]
  0x00000224b5205020 GCTaskThread "GC Thread#4" [stack: 0x00000056a0800000,0x00000056a0900000] [id=17184]
  0x00000224b5425020 GCTaskThread "GC Thread#5" [stack: 0x00000056a0900000,0x00000056a0a00000] [id=11120]
  0x00000224b5059130 GCTaskThread "GC Thread#6" [stack: 0x00000056a0c00000,0x00000056a0d00000] [id=15952]
  0x00000224b55c4970 GCTaskThread "GC Thread#7" [stack: 0x00000056a0f00000,0x00000056a1000000] [id=12792]
  0x00000224b5aa0c50 GCTaskThread "GC Thread#8" [stack: 0x00000056a1000000,0x00000056a1100000] [id=18352]
  0x00000224b612c420 GCTaskThread "GC Thread#9" [stack: 0x00000056a1300000,0x00000056a1400000] [id=17892]
  0x00000224b62c4770 GCTaskThread "GC Thread#10" [stack: 0x00000056a1400000,0x00000056a1500000] [id=17124]
  0x00000224b5afc240 GCTaskThread "GC Thread#11" [stack: 0x00000056a1500000,0x00000056a1600000] [id=6220]
  0x00000224b61fa330 GCTaskThread "GC Thread#12" [stack: 0x00000056a1a00000,0x00000056a1b00000] [id=10532]

Threads with active compile tasks:
C2 CompilerThread0    25116 15520       4       org.eclipse.jdt.internal.compiler.lookup.BinaryTypeBinding::enclosingType (54 bytes)
C1 CompilerThread1    25116 16804       2       org.eclipse.jdt.internal.compiler.lookup.ParameterizedTypeBinding::capture (310 bytes)
C2 CompilerThread1    25116 15555       4       org.eclipse.jdt.internal.compiler.lookup.ModuleBinding::getVisiblePackage (472 bytes)
C2 CompilerThread2    25116 15510 %     4       org.eclipse.jdt.internal.compiler.lookup.BinaryTypeBinding::createMethod @ 222 (1724 bytes)
C2 CompilerThread3    25116 16778       4       java.util.TimSort::sort (229 bytes)

VM state: not at safepoint (normal execution)

VM Mutex/Monitor currently owned by a thread:  ([mutex/lock_event])
[0x0000022499c97e20] CodeCache_lock - owner thread: 0x00000224b30041f0
[0x0000022499c98bf0] Compile_lock - owner thread: 0x00000224b30041f0
[0x0000022499c99b20] MethodCompileQueue_lock - owner thread: 0x00000224b30041f0

Heap address: 0x00000000c0000000, size: 1024 MB, Compressed Oops mode: 32-bit

CDS archive(s) not mapped
Compressed class space mapped at: 0x0000000100000000-0x0000000140000000, reserved size: 1073741824
Narrow klass base: 0x0000000000000000, Narrow klass shift: 3, Narrow klass range: 0x140000000

GC Precious Log:
 CPUs: 16 total, 16 available
 Memory: 5989M
 Large Page Support: Disabled
 NUMA Support: Disabled
 Compressed Oops: Enabled (32-bit)
 Alignments: Space 512K, Generation 512K, Heap 2M
 Heap Min Capacity: 100M
 Heap Initial Capacity: 100M
 Heap Max Capacity: 1G
 Pre-touch: Disabled
 Parallel Workers: 13

Heap:
 PSYoungGen      total 79872K, used 40422K [0x00000000eab00000, 0x00000000f2000000, 0x0000000100000000)
  eden space 51200K, 22% used [0x00000000eab00000,0x00000000eb67d780,0x00000000edd00000)
  from space 28672K, 99% used [0x00000000edd00000,0x00000000ef8fc088,0x00000000ef900000)
  to   space 33280K, 0% used [0x00000000eff80000,0x00000000eff80000,0x00000000f2000000)
 ParOldGen       total 434176K, used 344209K [0x00000000c0000000, 0x00000000da800000, 0x00000000eab00000)
  object space 434176K, 79% used [0x00000000c0000000,0x00000000d50247a8,0x00000000da800000)
 Metaspace       used 83520K, committed 84864K, reserved 1179648K
  class space    used 8544K, committed 9152K, reserved 1048576K

Card table byte_map: [0x0000022499670000,0x0000022499880000] _byte_map_base: 0x0000022499070000

Marking Bits: (ParMarkBitMap*) 0x00007ff8aa5f58b0
 Begin Bits: [0x00000224ab940000, 0x00000224ac940000)
 End Bits:   [0x00000224ac940000, 0x00000224ad940000)

Polling page: 0x0000022499460000

Metaspace:

Usage:
  Non-class:     73.22 MB used.
      Class:      8.34 MB used.
       Both:     81.56 MB used.

Virtual space:
  Non-class space:      128.00 MB reserved,      73.94 MB ( 58%) committed,  2 nodes.
      Class space:        1.00 GB reserved,       8.94 MB ( <1%) committed,  1 nodes.
             Both:        1.12 GB reserved,      82.88 MB (  7%) committed. 

Chunk freelists:
   Non-Class:  6.03 MB
       Class:  7.07 MB
        Both:  13.10 MB

MaxMetaspaceSize: unlimited
CompressedClassSpaceSize: 1.00 GB
Initial GC threshold: 21.00 MB
Current GC threshold: 124.06 MB
CDS: off
MetaspaceReclaimPolicy: balanced
 - commit_granule_bytes: 65536.
 - commit_granule_words: 8192.
 - virtual_space_node_default_size: 8388608.
 - enlarge_chunks_in_place: 1.
 - new_chunks_are_fully_committed: 0.
 - uncommit_free_chunks: 1.
 - use_allocation_guard: 0.
 - handle_deallocations: 1.


Internal statistics:

num_allocs_failed_limit: 9.
num_arena_births: 1000.
num_arena_deaths: 34.
num_vsnodes_births: 3.
num_vsnodes_deaths: 0.
num_space_committed: 1325.
num_space_uncommitted: 0.
num_chunks_returned_to_freelist: 53.
num_chunks_taken_from_freelist: 4576.
num_chunk_merges: 18.
num_chunk_splits: 2808.
num_chunks_enlarged: 1576.
num_inconsistent_stats: 0.

CodeHeap 'non-profiled nmethods': size=119168Kb used=6992Kb max_used=6992Kb free=112175Kb
 bounds [0x00000224a44e0000, 0x00000224a4bc0000, 0x00000224ab940000]
CodeHeap 'profiled nmethods': size=119104Kb used=31689Kb max_used=31689Kb free=87414Kb
 bounds [0x000002249c940000, 0x000002249e840000, 0x00000224a3d90000]
CodeHeap 'non-nmethods': size=7488Kb used=3083Kb max_used=3179Kb free=4404Kb
 bounds [0x00000224a3d90000, 0x00000224a40d0000, 0x00000224a44e0000]
 total_blobs=14939 nmethods=14188 adapters=660
 compilation: enabled
              stopped_count=0, restarted_count=0
 full_count=0

Compilation events (20 events):
Event: 25.041 Thread 0x00000224b4dac430 16787       2       org.eclipse.jdt.internal.compiler.ClassFile::i2At (25 bytes)
Event: 25.041 Thread 0x00000224b4dac430 nmethod 16787 0x000002249e829e10 code [0x000002249e829fa0, 0x000002249e82a0f8]
Event: 25.042 Thread 0x00000224b4dad960 16788       2       org.eclipse.jdt.internal.compiler.lookup.WildcardBinding::typeVariable (39 bytes)
Event: 25.043 Thread 0x00000224b4dad960 nmethod 16788 0x000002249e82a210 code [0x000002249e82a3c0, 0x000002249e82a568]
Event: 25.043 Thread 0x00000224b7066cd0 nmethod 16758 0x00000224a4ba9490 code [0x00000224a4ba9620, 0x00000224a4ba9bb8]
Event: 25.044 Thread 0x00000224b7066cd0 16778       4       java.util.TimSort::sort (229 bytes)
Event: 25.046 Thread 0x00000224b30041f0 16789       2       org.eclipse.jdt.internal.compiler.parser.Parser::consumeLocalVariableDeclarationStatement (374 bytes)
Event: 25.046 Thread 0x00000224b2ee0340 16790       2       org.eclipse.jdt.internal.compiler.ast.LocalDeclaration::isRecoveredFromLoneIdentifier (61 bytes)
Event: 25.047 Thread 0x00000224b2ee0340 nmethod 16790 0x000002249e82a690 code [0x000002249e82a840, 0x000002249e82aa88]
Event: 25.048 Thread 0x00000224b30041f0 nmethod 16789 0x000002249e82ab10 code [0x000002249e82ad60, 0x000002249e82b788]
Event: 25.049 Thread 0x00000224b30041f0 16791       2       java.util.Arrays::fill (21 bytes)
Event: 25.050 Thread 0x00000224b30041f0 nmethod 16791 0x000002249e82be90 code [0x000002249e82c020, 0x000002249e82c178]
Event: 25.055 Thread 0x00000224b4dac430 16792       2       org.eclipse.jdt.internal.compiler.lookup.BinaryTypeBinding::isHierarchyConnected (32 bytes)
Event: 25.056 Thread 0x00000224b4dac430 nmethod 16792 0x000002249e82c290 code [0x000002249e82c440, 0x000002249e82c668]
Event: 25.062 Thread 0x00000224b30041f0 16793       1       org.eclipse.jdt.internal.compiler.ast.Expression::nullStatus (2 bytes)
Event: 25.062 Thread 0x00000224b30041f0 nmethod 16793 0x00000224a4ba9f10 code [0x00000224a4baa0a0, 0x00000224a4baa178]
Event: 25.065 Thread 0x00000224b4dad960 16794       2       org.eclipse.jdt.internal.compiler.util.HashtableOfInteger::clear (36 bytes)
Event: 25.065 Thread 0x00000224b4dad960 nmethod 16794 0x000002249e82c790 code [0x000002249e82c920, 0x000002249e82cb38]
Event: 25.068 Thread 0x00000224b30041f0 16795       2       org.eclipse.jdt.internal.compiler.parser.Parser::initialize (6 bytes)
Event: 25.069 Thread 0x00000224b30041f0 nmethod 16795 0x000002249e82cc90 code [0x000002249e82ce20, 0x000002249e82cf48]

GC Heap History (20 events):
Event: 18.568 GC heap before
{Heap before GC invocations=119 (full 9):
 PSYoungGen      total 91648K, used 91440K [0x00000000eab00000, 0x00000000f2180000, 0x0000000100000000)
  eden space 71168K, 100% used [0x00000000eab00000,0x00000000ef080000,0x00000000ef080000)
  from space 20480K, 98% used [0x00000000ef080000,0x00000000f044c338,0x00000000f0480000)
  to   space 23552K, 0% used [0x00000000f0a80000,0x00000000f0a80000,0x00000000f2180000)
 ParOldGen       total 332288K, used 268440K [0x00000000c0000000, 0x00000000d4480000, 0x00000000eab00000)
  object space 332288K, 80% used [0x00000000c0000000,0x00000000d06261e8,0x00000000d4480000)
 Metaspace       used 74915K, committed 76224K, reserved 1179648K
  class space    used 7660K, committed 8256K, reserved 1048576K
}
Event: 18.586 GC heap after
{Heap after GC invocations=119 (full 9):
 PSYoungGen      total 85504K, used 23543K [0x00000000eab00000, 0x00000000f3980000, 0x0000000100000000)
  eden space 61952K, 0% used [0x00000000eab00000,0x00000000eab00000,0x00000000ee780000)
  from space 23552K, 99% used [0x00000000f0a80000,0x00000000f217de60,0x00000000f2180000)
  to   space 35840K, 0% used [0x00000000ee780000,0x00000000ee780000,0x00000000f0a80000)
 ParOldGen       total 332288K, used 278347K [0x00000000c0000000, 0x00000000d4480000, 0x00000000eab00000)
  object space 332288K, 83% used [0x00000000c0000000,0x00000000d0fd2ec0,0x00000000d4480000)
 Metaspace       used 74915K, committed 76224K, reserved 1179648K
  class space    used 7660K, committed 8256K, reserved 1048576K
}
Event: 18.817 GC heap before
{Heap before GC invocations=120 (full 9):
 PSYoungGen      total 85504K, used 85495K [0x00000000eab00000, 0x00000000f3980000, 0x0000000100000000)
  eden space 61952K, 100% used [0x00000000eab00000,0x00000000ee780000,0x00000000ee780000)
  from space 23552K, 99% used [0x00000000f0a80000,0x00000000f217de60,0x00000000f2180000)
  to   space 35840K, 0% used [0x00000000ee780000,0x00000000ee780000,0x00000000f0a80000)
 ParOldGen       total 332288K, used 278347K [0x00000000c0000000, 0x00000000d4480000, 0x00000000eab00000)
  object space 332288K, 83% used [0x00000000c0000000,0x00000000d0fd2ec0,0x00000000d4480000)
 Metaspace       used 74916K, committed 76224K, reserved 1179648K
  class space    used 7660K, committed 8256K, reserved 1048576K
}
Event: 18.834 GC heap after
{Heap after GC invocations=120 (full 9):
 PSYoungGen      total 82944K, used 20935K [0x00000000eab00000, 0x00000000f1c80000, 0x0000000100000000)
  eden space 61952K, 0% used [0x00000000eab00000,0x00000000eab00000,0x00000000ee780000)
  from space 20992K, 99% used [0x00000000ee780000,0x00000000efbf1c48,0x00000000efc00000)
  to   space 25600K, 0% used [0x00000000f0380000,0x00000000f0380000,0x00000000f1c80000)
 ParOldGen       total 332288K, used 291910K [0x00000000c0000000, 0x00000000d4480000, 0x00000000eab00000)
  object space 332288K, 87% used [0x00000000c0000000,0x00000000d1d11800,0x00000000d4480000)
 Metaspace       used 74916K, committed 76224K, reserved 1179648K
  class space    used 7660K, committed 8256K, reserved 1048576K
}
Event: 19.056 GC heap before
{Heap before GC invocations=121 (full 9):
 PSYoungGen      total 82944K, used 82887K [0x00000000eab00000, 0x00000000f1c80000, 0x0000000100000000)
  eden space 61952K, 100% used [0x00000000eab00000,0x00000000ee780000,0x00000000ee780000)
  from space 20992K, 99% used [0x00000000ee780000,0x00000000efbf1c48,0x00000000efc00000)
  to   space 25600K, 0% used [0x00000000f0380000,0x00000000f0380000,0x00000000f1c80000)
 ParOldGen       total 332288K, used 291910K [0x00000000c0000000, 0x00000000d4480000, 0x00000000eab00000)
  object space 332288K, 87% used [0x00000000c0000000,0x00000000d1d11800,0x00000000d4480000)
 Metaspace       used 74926K, committed 76224K, reserved 1179648K
  class space    used 7660K, committed 8256K, reserved 1048576K
}
Event: 19.066 GC heap after
{Heap after GC invocations=121 (full 9):
 PSYoungGen      total 83456K, used 25583K [0x00000000eab00000, 0x00000000f2a00000, 0x0000000100000000)
  eden space 57856K, 0% used [0x00000000eab00000,0x00000000eab00000,0x00000000ee380000)
  from space 25600K, 99% used [0x00000000f0380000,0x00000000f1c7be70,0x00000000f1c80000)
  to   space 32768K, 0% used [0x00000000ee380000,0x00000000ee380000,0x00000000f0380000)
 ParOldGen       total 332288K, used 296887K [0x00000000c0000000, 0x00000000d4480000, 0x00000000eab00000)
  object space 332288K, 89% used [0x00000000c0000000,0x00000000d21edca8,0x00000000d4480000)
 Metaspace       used 74926K, committed 76224K, reserved 1179648K
  class space    used 7660K, committed 8256K, reserved 1048576K
}
Event: 19.295 GC heap before
{Heap before GC invocations=122 (full 9):
 PSYoungGen      total 83456K, used 83439K [0x00000000eab00000, 0x00000000f2a00000, 0x0000000100000000)
  eden space 57856K, 100% used [0x00000000eab00000,0x00000000ee380000,0x00000000ee380000)
  from space 25600K, 99% used [0x00000000f0380000,0x00000000f1c7be70,0x00000000f1c80000)
  to   space 32768K, 0% used [0x00000000ee380000,0x00000000ee380000,0x00000000f0380000)
 ParOldGen       total 332288K, used 296887K [0x00000000c0000000, 0x00000000d4480000, 0x00000000eab00000)
  object space 332288K, 89% used [0x00000000c0000000,0x00000000d21edca8,0x00000000d4480000)
 Metaspace       used 74950K, committed 76224K, reserved 1179648K
  class space    used 7663K, committed 8256K, reserved 1048576K
}
Event: 19.351 GC heap after
{Heap after GC invocations=122 (full 9):
 PSYoungGen      total 79360K, used 21262K [0x00000000eab00000, 0x00000000f1800000, 0x0000000100000000)
  eden space 57856K, 0% used [0x00000000eab00000,0x00000000eab00000,0x00000000ee380000)
  from space 21504K, 98% used [0x00000000ee380000,0x00000000ef843ab8,0x00000000ef880000)
  to   space 25088K, 0% used [0x00000000eff80000,0x00000000eff80000,0x00000000f1800000)
 ParOldGen       total 332288K, used 314050K [0x00000000c0000000, 0x00000000d4480000, 0x00000000eab00000)
  object space 332288K, 94% used [0x00000000c0000000,0x00000000d32b09d0,0x00000000d4480000)
 Metaspace       used 74950K, committed 76224K, reserved 1179648K
  class space    used 7663K, committed 8256K, reserved 1048576K
}
Event: 19.351 GC heap before
{Heap before GC invocations=123 (full 10):
 PSYoungGen      total 79360K, used 21262K [0x00000000eab00000, 0x00000000f1800000, 0x0000000100000000)
  eden space 57856K, 0% used [0x00000000eab00000,0x00000000eab00000,0x00000000ee380000)
  from space 21504K, 98% used [0x00000000ee380000,0x00000000ef843ab8,0x00000000ef880000)
  to   space 25088K, 0% used [0x00000000eff80000,0x00000000eff80000,0x00000000f1800000)
 ParOldGen       total 332288K, used 314050K [0x00000000c0000000, 0x00000000d4480000, 0x00000000eab00000)
  object space 332288K, 94% used [0x00000000c0000000,0x00000000d32b09d0,0x00000000d4480000)
 Metaspace       used 74950K, committed 76224K, reserved 1179648K
  class space    used 7663K, committed 8256K, reserved 1048576K
}
Event: 19.617 GC heap after
{Heap after GC invocations=123 (full 10):
 PSYoungGen      total 86528K, used 0K [0x00000000eab00000, 0x00000000f1880000, 0x0000000100000000)
  eden space 61440K, 0% used [0x00000000eab00000,0x00000000eab00000,0x00000000ee700000)
  from space 25088K, 0% used [0x00000000eff80000,0x00000000eff80000,0x00000000f1800000)
  to   space 25088K, 0% used [0x00000000ee700000,0x00000000ee700000,0x00000000eff80000)
 ParOldGen       total 434176K, used 328034K [0x00000000c0000000, 0x00000000da800000, 0x00000000eab00000)
  object space 434176K, 75% used [0x00000000c0000000,0x00000000d4058818,0x00000000da800000)
 Metaspace       used 74950K, committed 76224K, reserved 1179648K
  class space    used 7663K, committed 8256K, reserved 1048576K
}
Event: 19.895 GC heap before
{Heap before GC invocations=124 (full 10):
 PSYoungGen      total 86528K, used 61440K [0x00000000eab00000, 0x00000000f1880000, 0x0000000100000000)
  eden space 61440K, 100% used [0x00000000eab00000,0x00000000ee700000,0x00000000ee700000)
  from space 25088K, 0% used [0x00000000eff80000,0x00000000eff80000,0x00000000f1800000)
  to   space 25088K, 0% used [0x00000000ee700000,0x00000000ee700000,0x00000000eff80000)
 ParOldGen       total 434176K, used 328034K [0x00000000c0000000, 0x00000000da800000, 0x00000000eab00000)
  object space 434176K, 75% used [0x00000000c0000000,0x00000000d4058818,0x00000000da800000)
 Metaspace       used 75018K, committed 76352K, reserved 1179648K
  class space    used 7663K, committed 8256K, reserved 1048576K
}
Event: 19.904 GC heap after
{Heap after GC invocations=124 (full 10):
 PSYoungGen      total 86528K, used 20083K [0x00000000eab00000, 0x00000000f1480000, 0x0000000100000000)
  eden space 61440K, 0% used [0x00000000eab00000,0x00000000eab00000,0x00000000ee700000)
  from space 25088K, 80% used [0x00000000ee700000,0x00000000efa9cea8,0x00000000eff80000)
  to   space 21504K, 0% used [0x00000000eff80000,0x00000000eff80000,0x00000000f1480000)
 ParOldGen       total 434176K, used 328042K [0x00000000c0000000, 0x00000000da800000, 0x00000000eab00000)
  object space 434176K, 75% used [0x00000000c0000000,0x00000000d405a818,0x00000000da800000)
 Metaspace       used 75018K, committed 76352K, reserved 1179648K
  class space    used 7663K, committed 8256K, reserved 1048576K
}
Event: 20.350 GC heap before
{Heap before GC invocations=125 (full 10):
 PSYoungGen      total 86528K, used 81523K [0x00000000eab00000, 0x00000000f1480000, 0x0000000100000000)
  eden space 61440K, 100% used [0x00000000eab00000,0x00000000ee700000,0x00000000ee700000)
  from space 25088K, 80% used [0x00000000ee700000,0x00000000efa9cea8,0x00000000eff80000)
  to   space 21504K, 0% used [0x00000000eff80000,0x00000000eff80000,0x00000000f1480000)
 ParOldGen       total 434176K, used 328042K [0x00000000c0000000, 0x00000000da800000, 0x00000000eab00000)
  object space 434176K, 75% used [0x00000000c0000000,0x00000000d405a818,0x00000000da800000)
 Metaspace       used 75276K, committed 76608K, reserved 1179648K
  class space    used 7664K, committed 8256K, reserved 1048576K
}
Event: 20.363 GC heap after
{Heap after GC invocations=125 (full 10):
 PSYoungGen      total 71168K, used 21502K [0x00000000eab00000, 0x00000000f3200000, 0x0000000100000000)
  eden space 49664K, 0% used [0x00000000eab00000,0x00000000eab00000,0x00000000edb80000)
  from space 21504K, 99% used [0x00000000eff80000,0x00000000f147f820,0x00000000f1480000)
  to   space 36864K, 0% used [0x00000000edb80000,0x00000000edb80000,0x00000000eff80000)
 ParOldGen       total 434176K, used 340530K [0x00000000c0000000, 0x00000000da800000, 0x00000000eab00000)
  object space 434176K, 78% used [0x00000000c0000000,0x00000000d4c8ca00,0x00000000da800000)
 Metaspace       used 75276K, committed 76608K, reserved 1179648K
  class space    used 7664K, committed 8256K, reserved 1048576K
}
Event: 21.005 GC heap before
{Heap before GC invocations=126 (full 10):
 PSYoungGen      total 71168K, used 71166K [0x00000000eab00000, 0x00000000f3200000, 0x0000000100000000)
  eden space 49664K, 100% used [0x00000000eab00000,0x00000000edb80000,0x00000000edb80000)
  from space 21504K, 99% used [0x00000000eff80000,0x00000000f147f820,0x00000000f1480000)
  to   space 36864K, 0% used [0x00000000edb80000,0x00000000edb80000,0x00000000eff80000)
 ParOldGen       total 434176K, used 340530K [0x00000000c0000000, 0x00000000da800000, 0x00000000eab00000)
  object space 434176K, 78% used [0x00000000c0000000,0x00000000d4c8ca00,0x00000000da800000)
 Metaspace       used 75963K, committed 77248K, reserved 1179648K
  class space    used 7740K, committed 8320K, reserved 1048576K
}
Event: 21.012 GC heap after
{Heap after GC invocations=126 (full 10):
 PSYoungGen      total 74240K, used 24231K [0x00000000eab00000, 0x00000000f1480000, 0x0000000100000000)
  eden space 49664K, 0% used [0x00000000eab00000,0x00000000eab00000,0x00000000edb80000)
  from space 24576K, 98% used [0x00000000edb80000,0x00000000ef329d50,0x00000000ef380000)
  to   space 28160K, 0% used [0x00000000ef900000,0x00000000ef900000,0x00000000f1480000)
 ParOldGen       total 434176K, used 340538K [0x00000000c0000000, 0x00000000da800000, 0x00000000eab00000)
  object space 434176K, 78% used [0x00000000c0000000,0x00000000d4c8ea00,0x00000000da800000)
 Metaspace       used 75963K, committed 77248K, reserved 1179648K
  class space    used 7740K, committed 8320K, reserved 1048576K
}
Event: 22.608 GC heap before
{Heap before GC invocations=127 (full 10):
 PSYoungGen      total 74240K, used 73895K [0x00000000eab00000, 0x00000000f1480000, 0x0000000100000000)
  eden space 49664K, 100% used [0x00000000eab00000,0x00000000edb80000,0x00000000edb80000)
  from space 24576K, 98% used [0x00000000edb80000,0x00000000ef329d50,0x00000000ef380000)
  to   space 28160K, 0% used [0x00000000ef900000,0x00000000ef900000,0x00000000f1480000)
 ParOldGen       total 434176K, used 340538K [0x00000000c0000000, 0x00000000da800000, 0x00000000eab00000)
  object space 434176K, 78% used [0x00000000c0000000,0x00000000d4c8ea00,0x00000000da800000)
 Metaspace       used 81655K, committed 82944K, reserved 1179648K
  class space    used 8485K, committed 9088K, reserved 1048576K
}
Event: 22.621 GC heap after
{Heap after GC invocations=127 (full 10):
 PSYoungGen      total 79360K, used 27819K [0x00000000eab00000, 0x00000000f1580000, 0x0000000100000000)
  eden space 51200K, 0% used [0x00000000eab00000,0x00000000eab00000,0x00000000edd00000)
  from space 28160K, 98% used [0x00000000ef900000,0x00000000f142ae98,0x00000000f1480000)
  to   space 28672K, 0% used [0x00000000edd00000,0x00000000edd00000,0x00000000ef900000)
 ParOldGen       total 434176K, used 340554K [0x00000000c0000000, 0x00000000da800000, 0x00000000eab00000)
  object space 434176K, 78% used [0x00000000c0000000,0x00000000d4c92a00,0x00000000da800000)
 Metaspace       used 81655K, committed 82944K, reserved 1179648K
  class space    used 8485K, committed 9088K, reserved 1048576K
}
Event: 24.668 GC heap before
{Heap before GC invocations=128 (full 10):
 PSYoungGen      total 79360K, used 79019K [0x00000000eab00000, 0x00000000f1580000, 0x0000000100000000)
  eden space 51200K, 100% used [0x00000000eab00000,0x00000000edd00000,0x00000000edd00000)
  from space 28160K, 98% used [0x00000000ef900000,0x00000000f142ae98,0x00000000f1480000)
  to   space 28672K, 0% used [0x00000000edd00000,0x00000000edd00000,0x00000000ef900000)
 ParOldGen       total 434176K, used 340554K [0x00000000c0000000, 0x00000000da800000, 0x00000000eab00000)
  object space 434176K, 78% used [0x00000000c0000000,0x00000000d4c92a00,0x00000000da800000)
 Metaspace       used 83357K, committed 84672K, reserved 1179648K
  class space    used 8539K, committed 9152K, reserved 1048576K
}
Event: 24.749 GC heap after
{Heap after GC invocations=128 (full 10):
 PSYoungGen      total 79872K, used 28656K [0x00000000eab00000, 0x00000000f2000000, 0x0000000100000000)
  eden space 51200K, 0% used [0x00000000eab00000,0x00000000eab00000,0x00000000edd00000)
  from space 28672K, 99% used [0x00000000edd00000,0x00000000ef8fc088,0x00000000ef900000)
  to   space 33280K, 0% used [0x00000000eff80000,0x00000000eff80000,0x00000000f2000000)
 ParOldGen       total 434176K, used 344209K [0x00000000c0000000, 0x00000000da800000, 0x00000000eab00000)
  object space 434176K, 79% used [0x00000000c0000000,0x00000000d50247a8,0x00000000da800000)
 Metaspace       used 83357K, committed 84672K, reserved 1179648K
  class space    used 8539K, committed 9152K, reserved 1048576K
}

Dll operation events (10 events):
Event: 0.009 Loaded shared library c:\Users\Bao\.vscode\extensions\redhat.java-1.34.0-win32-x64\jre\17.0.12-win32-x86_64\bin\java.dll
Event: 0.136 Loaded shared library c:\Users\Bao\.vscode\extensions\redhat.java-1.34.0-win32-x64\jre\17.0.12-win32-x86_64\bin\zip.dll
Event: 0.138 Loaded shared library C:\Users\Bao\.vscode\extensions\redhat.java-1.34.0-win32-x64\jre\17.0.12-win32-x86_64\bin\instrument.dll
Event: 0.147 Loaded shared library C:\Users\Bao\.vscode\extensions\redhat.java-1.34.0-win32-x64\jre\17.0.12-win32-x86_64\bin\net.dll
Event: 0.149 Loaded shared library C:\Users\Bao\.vscode\extensions\redhat.java-1.34.0-win32-x64\jre\17.0.12-win32-x86_64\bin\nio.dll
Event: 0.155 Loaded shared library C:\Users\Bao\.vscode\extensions\redhat.java-1.34.0-win32-x64\jre\17.0.12-win32-x86_64\bin\zip.dll
Event: 0.174 Loaded shared library C:\Users\Bao\.vscode\extensions\redhat.java-1.34.0-win32-x64\jre\17.0.12-win32-x86_64\bin\jimage.dll
Event: 0.248 Loaded shared library c:\Users\Bao\.vscode\extensions\redhat.java-1.34.0-win32-x64\jre\17.0.12-win32-x86_64\bin\verify.dll
Event: 1.352 Loaded shared library C:\Users\Bao\AppData\Roaming\Code\User\globalStorage\redhat.java\1.34.0\config_win\org.eclipse.equinox.launcher\org.eclipse.equinox.launcher.win32.win32.x86_64_1.2.1100.v20240722-2106\eclipse_11904.dll
Event: 3.079 Loaded shared library C:\Users\Bao\AppData\Local\Temp\jna-66544\jna5772694979389889993.dll

Deoptimization events (20 events):
Event: 24.862 Thread 0x00000224b88bacf0 Uncommon trap: trap_request=0xffffffd6 fr.pc=0x00000224a4b7b804 relative=0x0000000000001d04
Event: 24.862 Thread 0x00000224b88bacf0 Uncommon trap: reason=array_check action=maybe_recompile pc=0x00000224a4b7b804 method=java.util.TimSort.reverseRange([Ljava/lang/Object;II)V @ 20 c2
Event: 24.862 Thread 0x00000224b88bacf0 DEOPT PACKING pc=0x00000224a4b7b804 sp=0x00000056a37fe2e0
Event: 24.862 Thread 0x00000224b88bacf0 DEOPT UNPACKING pc=0x00000224a3de66a3 sp=0x00000056a37fe1b8 mode 2
Event: 24.882 Thread 0x00000224b88bacf0 DEOPT PACKING pc=0x000002249d85cec6 sp=0x00000056a37fd7f0
Event: 24.882 Thread 0x00000224b88bacf0 DEOPT UNPACKING pc=0x00000224a3de6e43 sp=0x00000056a37fcc78 mode 0
Event: 24.907 Thread 0x00000224b88bacf0 DEOPT PACKING pc=0x000002249d6db0d0 sp=0x00000056a37fe8e0
Event: 24.907 Thread 0x00000224b88bacf0 DEOPT UNPACKING pc=0x00000224a3de6e43 sp=0x00000056a37fdd68 mode 0
Event: 24.916 Thread 0x00000224b88bacf0 Uncommon trap: trap_request=0xffffff45 fr.pc=0x00000224a4b6fcd0 relative=0x0000000000000b50
Event: 24.916 Thread 0x00000224b88bacf0 Uncommon trap: reason=unstable_if action=reinterpret pc=0x00000224a4b6fcd0 method=org.eclipse.jdt.internal.compiler.codegen.CharArrayCache.putIfAbsent([CI)I @ 45 c2
Event: 24.916 Thread 0x00000224b88bacf0 DEOPT PACKING pc=0x00000224a4b6fcd0 sp=0x00000056a37fe790
Event: 24.916 Thread 0x00000224b88bacf0 DEOPT UNPACKING pc=0x00000224a3de66a3 sp=0x00000056a37fe6a0 mode 2
Event: 25.049 Thread 0x00000224b88bacf0 Uncommon trap: trap_request=0xffffffd6 fr.pc=0x00000224a4ba9b04 relative=0x00000000000004e4
Event: 25.049 Thread 0x00000224b88bacf0 Uncommon trap: reason=array_check action=maybe_recompile pc=0x00000224a4ba9b04 method=java.util.TimSort.reverseRange([Ljava/lang/Object;II)V @ 27 c2
Event: 25.049 Thread 0x00000224b88bacf0 DEOPT PACKING pc=0x00000224a4ba9b04 sp=0x00000056a37fec80
Event: 25.049 Thread 0x00000224b88bacf0 DEOPT UNPACKING pc=0x00000224a3de66a3 sp=0x00000056a37febb0 mode 2
Event: 25.054 Thread 0x00000224b88bacf0 Uncommon trap: trap_request=0xffffffd6 fr.pc=0x00000224a4ba9b04 relative=0x00000000000004e4
Event: 25.054 Thread 0x00000224b88bacf0 Uncommon trap: reason=array_check action=maybe_recompile pc=0x00000224a4ba9b04 method=java.util.TimSort.reverseRange([Ljava/lang/Object;II)V @ 27 c2
Event: 25.054 Thread 0x00000224b88bacf0 DEOPT PACKING pc=0x00000224a4ba9b04 sp=0x00000056a37fe280
Event: 25.054 Thread 0x00000224b88bacf0 DEOPT UNPACKING pc=0x00000224a3de66a3 sp=0x00000056a37fe1b0 mode 2

Classes loaded (20 events):
Event: 22.333 Loading class java/text/CollationElementIterator
Event: 22.334 Loading class java/text/CollationElementIterator done
Event: 22.335 Loading class sun/text/CollatorUtilities
Event: 22.336 Loading class sun/text/CollatorUtilities done
Event: 22.337 Loading class jdk/internal/icu/text/UCharacterIterator
Event: 22.338 Loading class jdk/internal/icu/text/UCharacterIterator done
Event: 22.338 Loading class jdk/internal/icu/impl/ReplaceableUCharacterIterator
Event: 22.339 Loading class jdk/internal/icu/impl/ReplaceableUCharacterIterator done
Event: 22.339 Loading class jdk/internal/icu/text/ReplaceableString
Event: 22.339 Loading class jdk/internal/icu/text/Replaceable
Event: 22.340 Loading class jdk/internal/icu/text/Replaceable done
Event: 22.340 Loading class jdk/internal/icu/text/ReplaceableString done
Event: 22.465 Loading class java/nio/channels/Channels$1
Event: 22.466 Loading class java/nio/channels/Channels$1 done
Event: 24.107 Loading class java/util/stream/ReduceOps$2
Event: 24.108 Loading class java/util/stream/ReduceOps$2 done
Event: 24.108 Loading class java/util/stream/ReduceOps$2ReducingSink
Event: 24.109 Loading class java/util/stream/ReduceOps$2ReducingSink done
Event: 24.273 Loading class sun/nio/fs/WindowsFileCopy
Event: 24.274 Loading class sun/nio/fs/WindowsFileCopy done

Classes unloaded (17 events):
Event: 4.565 Thread 0x0000022499d26510 Unloading class 0x0000000100256000 'java/lang/invoke/LambdaForm$MH+0x0000000100256000'
Event: 4.565 Thread 0x0000022499d26510 Unloading class 0x0000000100255c00 'java/lang/invoke/LambdaForm$MH+0x0000000100255c00'
Event: 4.565 Thread 0x0000022499d26510 Unloading class 0x0000000100255800 'java/lang/invoke/LambdaForm$MH+0x0000000100255800'
Event: 4.565 Thread 0x0000022499d26510 Unloading class 0x0000000100255400 'java/lang/invoke/LambdaForm$MH+0x0000000100255400'
Event: 4.565 Thread 0x0000022499d26510 Unloading class 0x0000000100255000 'java/lang/invoke/LambdaForm$BMH+0x0000000100255000'
Event: 4.565 Thread 0x0000022499d26510 Unloading class 0x0000000100254c00 'java/lang/invoke/LambdaForm$DMH+0x0000000100254c00'
Event: 4.565 Thread 0x0000022499d26510 Unloading class 0x0000000100252000 'java/lang/invoke/LambdaForm$DMH+0x0000000100252000'
Event: 17.157 Thread 0x0000022499d26510 Unloading class 0x000000010080cc00 'java/lang/invoke/LambdaForm$DMH+0x000000010080cc00'
Event: 17.158 Thread 0x0000022499d26510 Unloading class 0x00000001007e1000 'java/lang/invoke/LambdaForm$MH+0x00000001007e1000'
Event: 17.158 Thread 0x0000022499d26510 Unloading class 0x00000001007e0400 'java/lang/invoke/LambdaForm$MH+0x00000001007e0400'
Event: 17.158 Thread 0x0000022499d26510 Unloading class 0x00000001007e0800 'java/lang/invoke/LambdaForm$MH+0x00000001007e0800'
Event: 17.158 Thread 0x0000022499d26510 Unloading class 0x00000001007e0c00 'java/lang/invoke/LambdaForm$MH+0x00000001007e0c00'
Event: 17.158 Thread 0x0000022499d26510 Unloading class 0x00000001007d8c00 'java/lang/invoke/LambdaForm$DMH+0x00000001007d8c00'
Event: 17.158 Thread 0x0000022499d26510 Unloading class 0x00000001007d9c00 'java/lang/invoke/LambdaForm$DMH+0x00000001007d9c00'
Event: 17.158 Thread 0x0000022499d26510 Unloading class 0x00000001007d9800 'java/lang/invoke/LambdaForm$DMH+0x00000001007d9800'
Event: 17.158 Thread 0x0000022499d26510 Unloading class 0x00000001007d9000 'java/lang/invoke/LambdaForm$DMH+0x00000001007d9000'
Event: 17.158 Thread 0x0000022499d26510 Unloading class 0x00000001007ce400 'java/lang/invoke/LambdaForm$DMH+0x00000001007ce400'

Classes redefined (0 events):
No events

Internal exceptions (20 events):
Event: 24.483 Thread 0x00000224b88bacf0 Exception <a 'java/lang/ArrayIndexOutOfBoundsException'{0x00000000ed7ad690}> (0x00000000ed7ad690) 
thrown [s\src\hotspot\share\runtime\sharedRuntime.cpp, line 631]
Event: 24.484 Thread 0x00000224b88bacf0 Exception <a 'java/lang/ArrayIndexOutOfBoundsException'{0x00000000ed7b2188}> (0x00000000ed7b2188) 
thrown [s\src\hotspot\share\runtime\sharedRuntime.cpp, line 631]
Event: 24.484 Thread 0x00000224b88bacf0 Exception <a 'java/lang/ArrayIndexOutOfBoundsException'{0x00000000ed7b4ff0}> (0x00000000ed7b4ff0) 
thrown [s\src\hotspot\share\runtime\sharedRuntime.cpp, line 631]
Event: 24.484 Thread 0x00000224b88bacf0 Exception <a 'java/lang/ArrayIndexOutOfBoundsException'{0x00000000ed7b9738}> (0x00000000ed7b9738) 
thrown [s\src\hotspot\share\runtime\sharedRuntime.cpp, line 631]
Event: 24.484 Thread 0x00000224b88bacf0 Exception <a 'java/lang/ArrayIndexOutOfBoundsException'{0x00000000ed7bc7f8}> (0x00000000ed7bc7f8) 
thrown [s\src\hotspot\share\runtime\sharedRuntime.cpp, line 631]
Event: 24.485 Thread 0x00000224b88bacf0 Exception <a 'java/lang/ArrayIndexOutOfBoundsException'{0x00000000ed7c0f40}> (0x00000000ed7c0f40) 
thrown [s\src\hotspot\share\runtime\sharedRuntime.cpp, line 631]
Event: 24.485 Thread 0x00000224b88bacf0 Exception <a 'java/lang/ArrayIndexOutOfBoundsException'{0x00000000ed7c3d50}> (0x00000000ed7c3d50) 
thrown [s\src\hotspot\share\runtime\sharedRuntime.cpp, line 631]
Event: 24.485 Thread 0x00000224b88bacf0 Exception <a 'java/lang/ArrayIndexOutOfBoundsException'{0x00000000ed7c8850}> (0x00000000ed7c8850) 
thrown [s\src\hotspot\share\runtime\sharedRuntime.cpp, line 631]
Event: 24.485 Thread 0x00000224b88bacf0 Exception <a 'java/lang/ArrayIndexOutOfBoundsException'{0x00000000ed7cb678}> (0x00000000ed7cb678) 
thrown [s\src\hotspot\share\runtime\sharedRuntime.cpp, line 631]
Event: 24.485 Thread 0x00000224b88bacf0 Exception <a 'java/lang/ArrayIndexOutOfBoundsException'{0x00000000ed7cfdc8}> (0x00000000ed7cfdc8) 
thrown [s\src\hotspot\share\runtime\sharedRuntime.cpp, line 631]
Event: 24.485 Thread 0x00000224b88bacf0 Exception <a 'java/lang/ArrayIndexOutOfBoundsException'{0x00000000ed7d2ee8}> (0x00000000ed7d2ee8) 
thrown [s\src\hotspot\share\runtime\sharedRuntime.cpp, line 631]
Event: 24.581 Thread 0x00000224b73f0bf0 Exception <a 'java/io/IOException'{0x00000000ed6b5208}> (0x00000000ed6b5208) 
thrown [s\src\hotspot\share\prims\jni.cpp, line 516]
Event: 24.582 Thread 0x00000224b73f0bf0 Exception <a 'java/io/IOException'{0x00000000edae0dc8}> (0x00000000edae0dc8) 
thrown [s\src\hotspot\share\prims\jni.cpp, line 516]
Event: 24.780 Thread 0x00000224b73f0bf0 Exception <a 'java/io/IOException'{0x00000000eab8d308}> (0x00000000eab8d308) 
thrown [s\src\hotspot\share\prims\jni.cpp, line 516]
Event: 24.783 Thread 0x00000224b73f0bf0 Exception <a 'java/io/IOException'{0x00000000eabac0a8}> (0x00000000eabac0a8) 
thrown [s\src\hotspot\share\prims\jni.cpp, line 516]
Event: 24.975 Thread 0x00000224b88bacf0 Exception <a 'java/lang/ArrayIndexOutOfBoundsException'{0x00000000eb004b68}> (0x00000000eb004b68) 
thrown [s\src\hotspot\share\runtime\sharedRuntime.cpp, line 631]
Event: 24.976 Thread 0x00000224b88bacf0 Exception <a 'java/lang/ArrayIndexOutOfBoundsException'{0x00000000eb00aa78}> (0x00000000eb00aa78) 
thrown [s\src\hotspot\share\runtime\sharedRuntime.cpp, line 631]
Event: 24.976 Thread 0x00000224b88bacf0 Exception <a 'java/lang/ArrayIndexOutOfBoundsException'{0x00000000eb00f818}> (0x00000000eb00f818) 
thrown [s\src\hotspot\share\runtime\sharedRuntime.cpp, line 631]
Event: 24.998 Thread 0x00000224b73f0bf0 Exception <a 'java/io/IOException'{0x00000000eaf6e370}> (0x00000000eaf6e370) 
thrown [s\src\hotspot\share\prims\jni.cpp, line 516]
Event: 25.000 Thread 0x00000224b73f0bf0 Exception <a 'java/io/IOException'{0x00000000eb100c00}> (0x00000000eb100c00) 
thrown [s\src\hotspot\share\prims\jni.cpp, line 516]

VM Operations (20 events):
Event: 23.641 Executing VM operation: HandshakeAllThreads
Event: 23.641 Executing VM operation: HandshakeAllThreads done
Event: 23.830 Executing VM operation: ICBufferFull
Event: 23.831 Executing VM operation: ICBufferFull done
Event: 23.864 Executing VM operation: HandshakeAllThreads
Event: 23.864 Executing VM operation: HandshakeAllThreads done
Event: 24.064 Executing VM operation: HandshakeAllThreads
Event: 24.068 Executing VM operation: HandshakeAllThreads done
Event: 24.200 Executing VM operation: ICBufferFull
Event: 24.200 Executing VM operation: ICBufferFull done
Event: 24.406 Executing VM operation: ICBufferFull
Event: 24.407 Executing VM operation: ICBufferFull done
Event: 24.601 Executing VM operation: ICBufferFull
Event: 24.601 Executing VM operation: ICBufferFull done
Event: 24.668 Executing VM operation: ParallelGCFailedAllocation
Event: 24.750 Executing VM operation: ParallelGCFailedAllocation done
Event: 24.998 Executing VM operation: ICBufferFull
Event: 24.998 Executing VM operation: ICBufferFull done
Event: 25.031 Executing VM operation: HandshakeAllThreads
Event: 25.031 Executing VM operation: HandshakeAllThreads done

Events (20 events):
Event: 21.842 Thread 0x00000224b2eeb840 flushing nmethod 0x000002249ddfac10
Event: 21.842 Thread 0x00000224b2eeb840 flushing nmethod 0x000002249de03990
Event: 21.842 Thread 0x00000224b2eeb840 flushing nmethod 0x000002249de71590
Event: 21.842 Thread 0x00000224b2eeb840 flushing nmethod 0x000002249de8f390
Event: 21.842 Thread 0x00000224b2eeb840 flushing nmethod 0x000002249de90510
Event: 21.842 Thread 0x00000224b2eeb840 flushing nmethod 0x000002249defd890
Event: 21.843 Thread 0x00000224b2eeb840 flushing nmethod 0x000002249df07410
Event: 21.843 Thread 0x00000224b2eeb840 flushing nmethod 0x000002249df0bf90
Event: 21.843 Thread 0x00000224b2eeb840 flushing nmethod 0x000002249df0cd90
Event: 21.843 Thread 0x00000224b2eeb840 flushing nmethod 0x000002249df0e290
Event: 21.843 Thread 0x00000224b2eeb840 flushing nmethod 0x000002249df0f210
Event: 21.843 Thread 0x00000224b2eeb840 flushing nmethod 0x000002249df15190
Event: 21.843 Thread 0x00000224b2eeb840 flushing nmethod 0x000002249df15b10
Event: 21.843 Thread 0x00000224b2eeb840 flushing nmethod 0x000002249df28990
Event: 21.843 Thread 0x00000224b2eeb840 flushing nmethod 0x000002249df28e10
Event: 21.843 Thread 0x00000224b2eeb840 flushing nmethod 0x000002249df29310
Event: 21.843 Thread 0x00000224b2eeb840 flushing nmethod 0x000002249df2fe10
Event: 21.843 Thread 0x00000224b2eeb840 flushing nmethod 0x000002249df32490
Event: 21.843 Thread 0x00000224b2eeb840 flushing nmethod 0x000002249dfe7a10
Event: 22.592 Thread 0x00000224b88bacf0 Thread added: 0x00000224b88bacf0


Dynamic libraries:
0x00007ff723c40000 - 0x00007ff723c4e000 	c:\Users\Bao\.vscode\extensions\redhat.java-1.34.0-win32-x64\jre\17.0.12-win32-x86_64\bin\java.exe
0x00007ff8cf150000 - 0x00007ff8cf348000 	C:\WINDOWS\SYSTEM32\ntdll.dll
0x00007ff8cdde0000 - 0x00007ff8cdea1000 	C:\WINDOWS\System32\KERNEL32.DLL
0x00007ff8cc900000 - 0x00007ff8ccbfd000 	C:\WINDOWS\System32\KERNELBASE.dll
0x00007ff8cc800000 - 0x00007ff8cc900000 	C:\WINDOWS\System32\ucrtbase.dll
0x00007ff8c5480000 - 0x00007ff8c5497000 	c:\Users\Bao\.vscode\extensions\redhat.java-1.34.0-win32-x64\jre\17.0.12-win32-x86_64\bin\jli.dll
0x00007ff8c58a0000 - 0x00007ff8c58bb000 	c:\Users\Bao\.vscode\extensions\redhat.java-1.34.0-win32-x64\jre\17.0.12-win32-x86_64\bin\VCRUNTIME140.dll
0x00007ff8cea70000 - 0x00007ff8cec0d000 	C:\WINDOWS\System32\USER32.dll
0x00007ff8ccf70000 - 0x00007ff8ccf92000 	C:\WINDOWS\System32\win32u.dll
0x00007ff8b6880000 - 0x00007ff8b6b1a000 	C:\WINDOWS\WinSxS\amd64_microsoft.windows.common-controls_6595b64144ccf1df_6.0.19041.4355_none_60b8b9eb71f62e16\COMCTL32.dll
0x00007ff8cdeb0000 - 0x00007ff8cdedb000 	C:\WINDOWS\System32\GDI32.dll
0x00007ff8ce900000 - 0x00007ff8ce99e000 	C:\WINDOWS\System32\msvcrt.dll
0x00007ff8ccc00000 - 0x00007ff8ccd17000 	C:\WINDOWS\System32\gdi32full.dll
0x00007ff8cce40000 - 0x00007ff8ccedd000 	C:\WINDOWS\System32\msvcp_win.dll
0x00007ff8ce240000 - 0x00007ff8ce26f000 	C:\WINDOWS\System32\IMM32.DLL
0x00007ff8c9710000 - 0x00007ff8c971c000 	c:\Users\Bao\.vscode\extensions\redhat.java-1.34.0-win32-x64\jre\17.0.12-win32-x86_64\bin\vcruntime140_1.dll
0x00007ff8aac70000 - 0x00007ff8aacfd000 	c:\Users\Bao\.vscode\extensions\redhat.java-1.34.0-win32-x64\jre\17.0.12-win32-x86_64\bin\msvcp140.dll
0x00007ff8a9a50000 - 0x00007ff8aa6ba000 	c:\Users\Bao\.vscode\extensions\redhat.java-1.34.0-win32-x64\jre\17.0.12-win32-x86_64\bin\server\jvm.dll
0x00007ff8cef30000 - 0x00007ff8cefe0000 	C:\WINDOWS\System32\ADVAPI32.dll
0x00007ff8ce0e0000 - 0x00007ff8ce180000 	C:\WINDOWS\System32\sechost.dll
0x00007ff8ce3e0000 - 0x00007ff8ce503000 	C:\WINDOWS\System32\RPCRT4.dll
0x00007ff8cd100000 - 0x00007ff8cd127000 	C:\WINDOWS\System32\bcrypt.dll
0x00007ff8cea00000 - 0x00007ff8cea6b000 	C:\WINDOWS\System32\WS2_32.dll
0x00007ff8cc660000 - 0x00007ff8cc6ab000 	C:\WINDOWS\SYSTEM32\POWRPROF.dll
0x00007ff8ca4b0000 - 0x00007ff8ca4d7000 	C:\WINDOWS\SYSTEM32\WINMM.dll
0x00007ff8c2600000 - 0x00007ff8c260a000 	C:\WINDOWS\SYSTEM32\VERSION.dll
0x00007ff8cc640000 - 0x00007ff8cc652000 	C:\WINDOWS\SYSTEM32\UMPDC.dll
0x00007ff8cafe0000 - 0x00007ff8caff2000 	C:\WINDOWS\SYSTEM32\kernel.appcore.dll
0x00007ff8c8fa0000 - 0x00007ff8c8faa000 	c:\Users\Bao\.vscode\extensions\redhat.java-1.34.0-win32-x64\jre\17.0.12-win32-x86_64\bin\jimage.dll
0x00007ff8ca280000 - 0x00007ff8ca464000 	C:\WINDOWS\SYSTEM32\DBGHELP.DLL
0x00007ff8ca470000 - 0x00007ff8ca4a4000 	C:\WINDOWS\SYSTEM32\dbgcore.DLL
0x00007ff8ccee0000 - 0x00007ff8ccf62000 	C:\WINDOWS\System32\bcryptPrimitives.dll
0x00007ff8c61f0000 - 0x00007ff8c61fe000 	c:\Users\Bao\.vscode\extensions\redhat.java-1.34.0-win32-x64\jre\17.0.12-win32-x86_64\bin\instrument.dll
0x00007ff8c5120000 - 0x00007ff8c5145000 	c:\Users\Bao\.vscode\extensions\redhat.java-1.34.0-win32-x64\jre\17.0.12-win32-x86_64\bin\java.dll
0x00007ff8c5090000 - 0x00007ff8c50a8000 	c:\Users\Bao\.vscode\extensions\redhat.java-1.34.0-win32-x64\jre\17.0.12-win32-x86_64\bin\zip.dll
0x00007ff8cd200000 - 0x00007ff8cd96f000 	C:\WINDOWS\System32\SHELL32.dll
0x00007ff8ca820000 - 0x00007ff8cafc3000 	C:\WINDOWS\SYSTEM32\windows.storage.dll
0x00007ff8ce5a0000 - 0x00007ff8ce8f3000 	C:\WINDOWS\System32\combase.dll
0x00007ff8cc080000 - 0x00007ff8cc0ae000 	C:\WINDOWS\SYSTEM32\Wldp.dll
0x00007ff8ce310000 - 0x00007ff8ce3dd000 	C:\WINDOWS\System32\OLEAUT32.dll
0x00007ff8ce190000 - 0x00007ff8ce23d000 	C:\WINDOWS\System32\SHCORE.dll
0x00007ff8cee70000 - 0x00007ff8ceec5000 	C:\WINDOWS\System32\shlwapi.dll
0x00007ff8cc730000 - 0x00007ff8cc754000 	C:\WINDOWS\SYSTEM32\profapi.dll
0x00007ff8b36a0000 - 0x00007ff8b36b9000 	C:\Users\Bao\.vscode\extensions\redhat.java-1.34.0-win32-x64\jre\17.0.12-win32-x86_64\bin\net.dll
0x00007ff8c5c90000 - 0x00007ff8c5d9d000 	C:\WINDOWS\SYSTEM32\WINHTTP.dll
0x00007ff8cbe60000 - 0x00007ff8cbeca000 	C:\WINDOWS\system32\mswsock.dll
0x00007ff8b1820000 - 0x00007ff8b1836000 	C:\Users\Bao\.vscode\extensions\redhat.java-1.34.0-win32-x64\jre\17.0.12-win32-x86_64\bin\nio.dll
0x00007ff8c55b0000 - 0x00007ff8c55c0000 	c:\Users\Bao\.vscode\extensions\redhat.java-1.34.0-win32-x64\jre\17.0.12-win32-x86_64\bin\verify.dll
0x00007ff8aab70000 - 0x00007ff8aabb5000 	C:\Users\Bao\AppData\Roaming\Code\User\globalStorage\redhat.java\1.34.0\config_win\org.eclipse.equinox.launcher\org.eclipse.equinox.launcher.win32.win32.x86_64_1.2.1100.v20240722-2106\eclipse_11904.dll
0x00007ff8cefe0000 - 0x00007ff8cf10b000 	C:\WINDOWS\System32\ole32.dll
0x00007ff8cc0c0000 - 0x00007ff8cc0d8000 	C:\WINDOWS\SYSTEM32\CRYPTSP.dll
0x00007ff8cb7a0000 - 0x00007ff8cb7d4000 	C:\WINDOWS\system32\rsaenh.dll
0x00007ff8cc6b0000 - 0x00007ff8cc6de000 	C:\WINDOWS\SYSTEM32\USERENV.dll
0x00007ff8cbff0000 - 0x00007ff8cbffc000 	C:\WINDOWS\SYSTEM32\CRYPTBASE.dll
0x00007ff8cbb60000 - 0x00007ff8cbb9b000 	C:\WINDOWS\SYSTEM32\IPHLPAPI.DLL
0x00007ff8cd1f0000 - 0x00007ff8cd1f8000 	C:\WINDOWS\System32\NSI.dll
0x00007ff8c67c0000 - 0x00007ff8c67d7000 	C:\WINDOWS\SYSTEM32\dhcpcsvc6.DLL
0x00007ff8c6770000 - 0x00007ff8c678d000 	C:\WINDOWS\SYSTEM32\dhcpcsvc.DLL
0x00007ff8cbba0000 - 0x00007ff8cbc6a000 	C:\WINDOWS\SYSTEM32\DNSAPI.dll
0x00007ff8aab20000 - 0x00007ff8aab65000 	C:\Users\Bao\AppData\Local\Temp\jna-66544\jna5772694979389889993.dll
0x00007ff8cd180000 - 0x00007ff8cd188000 	C:\WINDOWS\System32\PSAPI.DLL

dbghelp: loaded successfully - version: 4.0.5 - missing functions: none
symbol engine: initialized successfully - sym options: 0x614 - pdb path: .;c:\Users\Bao\.vscode\extensions\redhat.java-1.34.0-win32-x64\jre\17.0.12-win32-x86_64\bin;C:\WINDOWS\SYSTEM32;C:\WINDOWS\WinSxS\amd64_microsoft.windows.common-controls_6595b64144ccf1df_6.0.19041.4355_none_60b8b9eb71f62e16;c:\Users\Bao\.vscode\extensions\redhat.java-1.34.0-win32-x64\jre\17.0.12-win32-x86_64\bin\server;C:\Users\Bao\AppData\Roaming\Code\User\globalStorage\redhat.java\1.34.0\config_win\org.eclipse.equinox.launcher\org.eclipse.equinox.launcher.win32.win32.x86_64_1.2.1100.v20240722-2106;C:\Users\Bao\AppData\Local\Temp\jna-66544

VM Arguments:
jvm_args: --add-modules=ALL-SYSTEM --add-opens=java.base/java.util=ALL-UNNAMED --add-opens=java.base/java.lang=ALL-UNNAMED --add-opens=java.base/sun.nio.fs=ALL-UNNAMED -Declipse.application=org.eclipse.jdt.ls.core.id1 -Dosgi.bundles.defaultStartLevel=4 -Declipse.product=org.eclipse.jdt.ls.core.product -Djava.import.generatesMetadataFilesAtProjectRoot=false -DDetectVMInstallationsJob.disabled=true -Dfile.encoding=utf8 -XX:+UseParallelGC -XX:GCTimeRatio=4 -XX:AdaptiveSizePolicyWeight=90 -Dsun.zip.disableMemoryMapping=true -Xmx1G -Xms100m -Xlog:disable -javaagent:c:\Users\Bao\.vscode\extensions\redhat.java-1.34.0-win32-x64\lombok\lombok-1.18.33.jar -XX:+HeapDumpOnOutOfMemoryError -XX:HeapDumpPath=c:\Users\Bao\AppData\Roaming\Code\User\workspaceStorage\ca64d298b97909dab3546e2a0f6908f3\redhat.java -Daether.dependencyCollector.impl=bf 
java_command: c:\Users\Bao\.vscode\extensions\redhat.java-1.34.0-win32-x64\server\plugins\org.eclipse.equinox.launcher_1.6.900.v20240613-2009.jar -configuration c:\Users\Bao\AppData\Roaming\Code\User\globalStorage\redhat.java\1.34.0\config_win -data c:\Users\Bao\AppData\Roaming\Code\User\workspaceStorage\ca64d298b97909dab3546e2a0f6908f3\redhat.java\jdt_ws --pipe=\\.\pipe\lsp-5bf1661f8d4e7244d605063604fc16a8-sock
java_class_path (initial): c:\Users\Bao\.vscode\extensions\redhat.java-1.34.0-win32-x64\server\plugins\org.eclipse.equinox.launcher_1.6.900.v20240613-2009.jar
Launcher Type: SUN_STANDARD

[Global flags]
    uintx AdaptiveSizePolicyWeight                 = 90                                        {product} {command line}
     intx CICompilerCount                          = 12                                        {product} {ergonomic}
    uintx GCTimeRatio                              = 4                                         {product} {command line}
     bool HeapDumpOnOutOfMemoryError               = true                                   {manageable} {command line}
    ccstr HeapDumpPath                             = c:\Users\Bao\AppData\Roaming\Code\User\workspaceStorage\ca64d298b97909dab3546e2a0f6908f3\redhat.java         {manageable} {command line}
   size_t InitialHeapSize                          = 104857600                                 {product} {command line}
   size_t MaxHeapSize                              = 1073741824                                {product} {command line}
   size_t MaxNewSize                               = 357564416                                 {product} {ergonomic}
   size_t MinHeapDeltaBytes                        = 524288                                    {product} {ergonomic}
   size_t MinHeapSize                              = 104857600                                 {product} {command line}
   size_t NewSize                                  = 34603008                                  {product} {ergonomic}
    uintx NonNMethodCodeHeapSize                   = 7602480                                {pd product} {ergonomic}
    uintx NonProfiledCodeHeapSize                  = 122027880                              {pd product} {ergonomic}
   size_t OldSize                                  = 70254592                                  {product} {ergonomic}
    uintx ProfiledCodeHeapSize                     = 122027880                              {pd product} {ergonomic}
    uintx ReservedCodeCacheSize                    = 251658240                              {pd product} {ergonomic}
     bool SegmentedCodeCache                       = true                                      {product} {ergonomic}
   size_t SoftMaxHeapSize                          = 1073741824                             {manageable} {ergonomic}
     bool UseCompressedClassPointers               = true                           {product lp64_product} {ergonomic}
     bool UseCompressedOops                        = true                           {product lp64_product} {ergonomic}
     bool UseLargePagesIndividualAllocation        = false                                  {pd product} {ergonomic}
     bool UseParallelGC                            = true                                      {product} {command line}

Logging:
Log output configuration:
 #0: stdout all=off uptime,level,tags
 #1: stderr all=off uptime,level,tags

Environment Variables:
PATH=C:\Program Files\Common Files\Oracle\Java\javapath;C:\Program Files\Git\bin;D:\nodejs\;C:\Program Files\Microsoft SQL Server\150\Tools\Binn\;C:\Program Files\Microsoft SQL Server\Client SDK\ODBC\170\Tools\Binn\;C:\Program Files\dotnet\;C:\Program Files\Docker\Docker\resources\bin;C:\Users\Bao\AppData\Local\Microsoft\WindowsApps;C:\Users\Bao\AppData\Local\Programs\Microsoft VS Code\bin;C:\Users\Bao\AppData\Roaming\npm;C:\Users\Bao\.dotnet\tools
USERNAME=Bao
OS=Windows_NT
PROCESSOR_IDENTIFIER=AMD64 Family 23 Model 104 Stepping 1, AuthenticAMD
TMP=C:\Users\Bao\AppData\Local\Temp
TEMP=C:\Users\Bao\AppData\Local\Temp



Periodic native trim disabled


---------------  S Y S T E M  ---------------

OS:
 Windows 10 , 64 bit Build 19041 (10.0.19041.4842)
OS uptime: 0 days 0:54 hours
Hyper-V role detected

CPU: total 16 (initial active 16) (16 cores per cpu, 2 threads per core) family 23 model 104 stepping 1 microcode 0x0, cx8, cmov, fxsr, ht, mmx, 3dnowpref, sse, sse2, sse3, ssse3, sse4a, sse4.1, sse4.2, popcnt, lzcnt, tsc, tscinvbit, avx, avx2, aes, clmul, bmi1, bmi2, adx, sha, fma, vzeroupper, clflush, clflushopt, hv
Processor Information for all 16 processors :
  Max Mhz: 1801, Current Mhz: 1801, Mhz Limit: 1801

Memory: 4k page, system-wide physical 5989M (402M free)
TotalPageFile size 14181M (AvailPageFile size 12M)
current process WorkingSet (physical memory assigned to process): 444M, peak: 690M
current process commit charge ("private bytes"): 925M, peak: 932M

vm_info: OpenJDK 64-Bit Server VM (17.0.12+7) for windows-amd64 JRE (17.0.12+7), built on Jul 16 2024 22:08:24 by "admin" with MS VC++ 16.10 / 16.11 (VS2019)

END.
